{"C:\\Users\\sousf001\\Documents\\celeste-restuarant\\tests\\auth_calls\\auth_calls.js": {"path":"C:\\Users\\sousf001\\Documents\\celeste-restuarant\\tests\\auth_calls\\auth_calls.js","statementMap":{"0":{"start":{"line":1,"column":14},"end":{"line":1,"column":30}},"1":{"start":{"line":2,"column":16},"end":{"line":2,"column":39}},"2":{"start":{"line":3,"column":19},"end":{"line":3,"column":95}},"3":{"start":{"line":5,"column":19},"end":{"line":44,"column":1}},"4":{"start":{"line":7,"column":8},"end":{"line":7,"column":44}},"5":{"start":{"line":10,"column":19},"end":{"line":14,"column":10}},"6":{"start":{"line":15,"column":21},"end":{"line":23,"column":9}},"7":{"start":{"line":25,"column":8},"end":{"line":25,"column":29}},"8":{"start":{"line":29,"column":19},"end":{"line":31,"column":10}},"9":{"start":{"line":32,"column":21},"end":{"line":40,"column":9}},"10":{"start":{"line":42,"column":8},"end":{"line":42,"column":29}},"11":{"start":{"line":46,"column":0},"end":{"line":46,"column":27}}},"fnMap":{"0":{"name":"(anonymous_0)","decl":{"start":{"line":6,"column":10},"end":{"line":6,"column":11}},"loc":{"start":{"line":6,"column":16},"end":{"line":8,"column":5}},"line":6},"1":{"name":"(anonymous_1)","decl":{"start":{"line":9,"column":22},"end":{"line":9,"column":23}},"loc":{"start":{"line":9,"column":35},"end":{"line":27,"column":5}},"line":9},"2":{"name":"(anonymous_2)","decl":{"start":{"line":28,"column":20},"end":{"line":28,"column":21}},"loc":{"start":{"line":28,"column":43},"end":{"line":43,"column":5}},"line":28}},"branchMap":{},"s":{"0":1,"1":1,"2":1,"3":1,"4":1,"5":2,"6":2,"7":2,"8":6,"9":6,"10":6,"11":1},"f":{"0":1,"1":2,"2":6},"b":{},"_coverageSchema":"1a1c01bbd47fc00a2c39e90264f33305004495a9","hash":"03787e1bb375b1f73a71b01f0537c5bdc7000d8a"}
,"C:\\Users\\sousf001\\Documents\\celeste-restuarant\\tests\\menu calls\\menu_calls.js": {"path":"C:\\Users\\sousf001\\Documents\\celeste-restuarant\\tests\\menu calls\\menu_calls.js","statementMap":{"0":{"start":{"line":1,"column":14},"end":{"line":1,"column":30}},"1":{"start":{"line":3,"column":16},"end":{"line":3,"column":58}},"2":{"start":{"line":5,"column":19},"end":{"line":28,"column":1}},"3":{"start":{"line":6,"column":16},"end":{"line":6,"column":34}},"4":{"start":{"line":8,"column":8},"end":{"line":9,"column":60}},"5":{"start":{"line":9,"column":12},"end":{"line":9,"column":60}},"6":{"start":{"line":11,"column":8},"end":{"line":12,"column":65}},"7":{"start":{"line":12,"column":12},"end":{"line":12,"column":65}},"8":{"start":{"line":14,"column":8},"end":{"line":14,"column":69}},"9":{"start":{"line":17,"column":8},"end":{"line":18,"column":63}},"10":{"start":{"line":18,"column":12},"end":{"line":18,"column":63}},"11":{"start":{"line":20,"column":8},"end":{"line":21,"column":67}},"12":{"start":{"line":21,"column":12},"end":{"line":21,"column":67}},"13":{"start":{"line":23,"column":8},"end":{"line":24,"column":76}},"14":{"start":{"line":24,"column":12},"end":{"line":24,"column":76}},"15":{"start":{"line":26,"column":8},"end":{"line":26,"column":80}},"16":{"start":{"line":30,"column":0},"end":{"line":30,"column":28}}},"fnMap":{"0":{"name":"(anonymous_0)","decl":{"start":{"line":6,"column":10},"end":{"line":6,"column":11}},"loc":{"start":{"line":6,"column":16},"end":{"line":6,"column":34}},"line":6},"1":{"name":"(anonymous_1)","decl":{"start":{"line":7,"column":13},"end":{"line":7,"column":14}},"loc":{"start":{"line":7,"column":30},"end":{"line":15,"column":5}},"line":7},"2":{"name":"(anonymous_2)","decl":{"start":{"line":16,"column":16},"end":{"line":16,"column":17}},"loc":{"start":{"line":16,"column":39},"end":{"line":27,"column":5}},"line":16}},"branchMap":{"0":{"loc":{"start":{"line":8,"column":8},"end":{"line":9,"column":60}},"type":"if","locations":[{"start":{"line":8,"column":8},"end":{"line":9,"column":60}},{"start":{},"end":{}}],"line":8},"1":{"loc":{"start":{"line":11,"column":8},"end":{"line":12,"column":65}},"type":"if","locations":[{"start":{"line":11,"column":8},"end":{"line":12,"column":65}},{"start":{},"end":{}}],"line":11},"2":{"loc":{"start":{"line":17,"column":8},"end":{"line":18,"column":63}},"type":"if","locations":[{"start":{"line":17,"column":8},"end":{"line":18,"column":63}},{"start":{},"end":{}}],"line":17},"3":{"loc":{"start":{"line":20,"column":8},"end":{"line":21,"column":67}},"type":"if","locations":[{"start":{"line":20,"column":8},"end":{"line":21,"column":67}},{"start":{},"end":{}}],"line":20},"4":{"loc":{"start":{"line":23,"column":8},"end":{"line":24,"column":76}},"type":"if","locations":[{"start":{"line":23,"column":8},"end":{"line":24,"column":76}},{"start":{},"end":{}}],"line":23}},"s":{"0":1,"1":1,"2":1,"3":1,"4":31,"5":1,"6":30,"7":5,"8":25,"9":59,"10":1,"11":58,"12":3,"13":55,"14":11,"15":44,"16":1},"f":{"0":1,"1":31,"2":59},"b":{"0":[1,30],"1":[5,25],"2":[1,58],"3":[3,55],"4":[11,44]},"_coverageSchema":"1a1c01bbd47fc00a2c39e90264f33305004495a9","hash":"b78a155df88d51b81e247d63cbb1bec75aed5ef2"}
}
