{"C:\\Users\\sousf001\\Documents\\celeste-restuarant\\modules\\helpers.js": {"path":"C:\\Users\\sousf001\\Documents\\celeste-restuarant\\modules\\helpers.js","statementMap":{"0":{"start":{"line":3,"column":12},"end":{"line":3,"column":32}},"1":{"start":{"line":4,"column":12},"end":{"line":4,"column":35}},"2":{"start":{"line":5,"column":12},"end":{"line":5,"column":32}},"3":{"start":{"line":6,"column":17},"end":{"line":10,"column":5}},"4":{"start":{"line":12,"column":4},"end":{"line":12,"column":29}},"5":{"start":{"line":14,"column":4},"end":{"line":14,"column":18}},"6":{"start":{"line":19,"column":17},"end":{"line":20,"column":112}},"7":{"start":{"line":22,"column":4},"end":{"line":22,"column":18}}},"fnMap":{"0":{"name":"extractHeaders","decl":{"start":{"line":2,"column":16},"end":{"line":2,"column":30}},"loc":{"start":{"line":2,"column":40},"end":{"line":15,"column":1}},"line":2},"1":{"name":"dateToString","decl":{"start":{"line":18,"column":16},"end":{"line":18,"column":28}},"loc":{"start":{"line":18,"column":35},"end":{"line":23,"column":1}},"line":18}},"branchMap":{},"s":{"0":15,"1":15,"2":15,"3":15,"4":15,"5":15,"6":15,"7":15},"f":{"0":15,"1":15},"b":{},"_coverageSchema":"1a1c01bbd47fc00a2c39e90264f33305004495a9","hash":"934d72d61b05d377a7797712462b832b7c653505"}
,"C:\\Users\\sousf001\\Documents\\celeste-restuarant\\routes\\auth\\auth_refactored.js": {"path":"C:\\Users\\sousf001\\Documents\\celeste-restuarant\\routes\\auth\\auth_refactored.js","statementMap":{"0":{"start":{"line":6,"column":12},"end":{"line":6,"column":28}},"1":{"start":{"line":7,"column":16},"end":{"line":7,"column":60}},"2":{"start":{"line":9,"column":0},"end":{"line":9,"column":63}},"3":{"start":{"line":9,"column":27},"end":{"line":9,"column":61}},"4":{"start":{"line":11,"column":0},"end":{"line":19,"column":3}},"5":{"start":{"line":12,"column":23},"end":{"line":12,"column":31}},"6":{"start":{"line":13,"column":18},"end":{"line":13,"column":29}},"7":{"start":{"line":15,"column":4},"end":{"line":18,"column":9}},"8":{"start":{"line":16,"column":23},"end":{"line":16,"column":65}},"9":{"start":{"line":17,"column":8},"end":{"line":17,"column":25}},"10":{"start":{"line":22,"column":4},"end":{"line":23,"column":47}},"11":{"start":{"line":23,"column":8},"end":{"line":23,"column":47}},"12":{"start":{"line":25,"column":4},"end":{"line":27,"column":5}},"13":{"start":{"line":26,"column":8},"end":{"line":26,"column":45}},"14":{"start":{"line":29,"column":4},"end":{"line":29,"column":38}},"15":{"start":{"line":30,"column":4},"end":{"line":34,"column":5}},"16":{"start":{"line":31,"column":8},"end":{"line":33,"column":9}},"17":{"start":{"line":32,"column":12},"end":{"line":32,"column":49}},"18":{"start":{"line":38,"column":19},"end":{"line":38,"column":52}},"19":{"start":{"line":39,"column":4},"end":{"line":41,"column":5}},"20":{"start":{"line":40,"column":8},"end":{"line":40,"column":22}},"21":{"start":{"line":43,"column":4},"end":{"line":43,"column":38}},"22":{"start":{"line":44,"column":21},"end":{"line":44,"column":60}},"23":{"start":{"line":45,"column":21},"end":{"line":45,"column":69}},"24":{"start":{"line":47,"column":4},"end":{"line":55,"column":5}},"25":{"start":{"line":48,"column":8},"end":{"line":51,"column":10}},"26":{"start":{"line":54,"column":8},"end":{"line":54,"column":45}},"27":{"start":{"line":59,"column":15},"end":{"line":62,"column":6}},"28":{"start":{"line":64,"column":17},"end":{"line":72,"column":5}},"29":{"start":{"line":74,"column":4},"end":{"line":104,"column":5}},"30":{"start":{"line":76,"column":22},"end":{"line":76,"column":64}},"31":{"start":{"line":77,"column":25},"end":{"line":77,"column":41}},"32":{"start":{"line":79,"column":31},"end":{"line":79,"column":46}},"33":{"start":{"line":80,"column":23},"end":{"line":80,"column":54}},"34":{"start":{"line":81,"column":21},"end":{"line":81,"column":23}},"35":{"start":{"line":83,"column":8},"end":{"line":99,"column":9}},"36":{"start":{"line":84,"column":36},"end":{"line":84,"column":44}},"37":{"start":{"line":86,"column":12},"end":{"line":91,"column":14}},"38":{"start":{"line":94,"column":12},"end":{"line":98,"column":14}},"39":{"start":{"line":101,"column":8},"end":{"line":101,"column":22}},"40":{"start":{"line":103,"column":8},"end":{"line":103,"column":27}},"41":{"start":{"line":108,"column":15},"end":{"line":111,"column":6}},"42":{"start":{"line":113,"column":17},"end":{"line":121,"column":5}},"43":{"start":{"line":123,"column":4},"end":{"line":134,"column":5}},"44":{"start":{"line":125,"column":25},"end":{"line":125,"column":67}},"45":{"start":{"line":127,"column":8},"end":{"line":128,"column":24}},"46":{"start":{"line":128,"column":12},"end":{"line":128,"column":24}},"47":{"start":{"line":130,"column":29},"end":{"line":130,"column":33}},"48":{"start":{"line":131,"column":8},"end":{"line":131,"column":24}},"49":{"start":{"line":133,"column":8},"end":{"line":133,"column":27}},"50":{"start":{"line":140,"column":4},"end":{"line":159,"column":5}},"51":{"start":{"line":143,"column":12},"end":{"line":143,"column":25}},"52":{"start":{"line":144,"column":12},"end":{"line":144,"column":18}},"53":{"start":{"line":146,"column":12},"end":{"line":146,"column":25}},"54":{"start":{"line":147,"column":12},"end":{"line":147,"column":18}},"55":{"start":{"line":150,"column":12},"end":{"line":150,"column":25}},"56":{"start":{"line":151,"column":12},"end":{"line":151,"column":18}},"57":{"start":{"line":154,"column":12},"end":{"line":154,"column":25}},"58":{"start":{"line":155,"column":12},"end":{"line":155,"column":18}},"59":{"start":{"line":157,"column":12},"end":{"line":157,"column":25}},"60":{"start":{"line":158,"column":12},"end":{"line":158,"column":18}},"61":{"start":{"line":161,"column":4},"end":{"line":161,"column":18}}},"fnMap":{"0":{"name":"(anonymous_0)","decl":{"start":{"line":9,"column":13},"end":{"line":9,"column":14}},"loc":{"start":{"line":9,"column":27},"end":{"line":9,"column":61}},"line":9},"1":{"name":"(anonymous_1)","decl":{"start":{"line":11,"column":14},"end":{"line":11,"column":15}},"loc":{"start":{"line":11,"column":28},"end":{"line":19,"column":1}},"line":11},"2":{"name":"(anonymous_2)","decl":{"start":{"line":15,"column":5},"end":{"line":15,"column":6}},"loc":{"start":{"line":15,"column":17},"end":{"line":18,"column":5}},"line":15},"3":{"name":"checkQueryData","decl":{"start":{"line":21,"column":9},"end":{"line":21,"column":23}},"loc":{"start":{"line":21,"column":43},"end":{"line":35,"column":1}},"line":21},"4":{"name":"getResponseObject","decl":{"start":{"line":37,"column":22},"end":{"line":37,"column":39}},"loc":{"start":{"line":37,"column":59},"end":{"line":56,"column":1}},"line":37},"5":{"name":"getAccessToken","decl":{"start":{"line":58,"column":15},"end":{"line":58,"column":29}},"loc":{"start":{"line":58,"column":49},"end":{"line":105,"column":1}},"line":58},"6":{"name":"getUserInfo","decl":{"start":{"line":107,"column":15},"end":{"line":107,"column":26}},"loc":{"start":{"line":107,"column":49},"end":{"line":135,"column":1}},"line":107},"7":{"name":"getHttpResponseCode","decl":{"start":{"line":137,"column":9},"end":{"line":137,"column":28}},"loc":{"start":{"line":137,"column":35},"end":{"line":162,"column":1}},"line":137}},"branchMap":{"0":{"loc":{"start":{"line":22,"column":4},"end":{"line":23,"column":47}},"type":"if","locations":[{"start":{"line":22,"column":4},"end":{"line":23,"column":47}},{"start":{},"end":{}}],"line":22},"1":{"loc":{"start":{"line":25,"column":4},"end":{"line":27,"column":5}},"type":"if","locations":[{"start":{"line":25,"column":4},"end":{"line":27,"column":5}},{"start":{},"end":{}}],"line":25},"2":{"loc":{"start":{"line":31,"column":8},"end":{"line":33,"column":9}},"type":"if","locations":[{"start":{"line":31,"column":8},"end":{"line":33,"column":9}},{"start":{},"end":{}}],"line":31},"3":{"loc":{"start":{"line":39,"column":4},"end":{"line":41,"column":5}},"type":"if","locations":[{"start":{"line":39,"column":4},"end":{"line":41,"column":5}},{"start":{},"end":{}}],"line":39},"4":{"loc":{"start":{"line":47,"column":4},"end":{"line":55,"column":5}},"type":"if","locations":[{"start":{"line":47,"column":4},"end":{"line":55,"column":5}},{"start":{"line":53,"column":9},"end":{"line":55,"column":5}}],"line":47},"5":{"loc":{"start":{"line":83,"column":8},"end":{"line":99,"column":9}},"type":"if","locations":[{"start":{"line":83,"column":8},"end":{"line":99,"column":9}},{"start":{"line":93,"column":13},"end":{"line":99,"column":9}}],"line":83},"6":{"loc":{"start":{"line":127,"column":8},"end":{"line":128,"column":24}},"type":"if","locations":[{"start":{"line":127,"column":8},"end":{"line":128,"column":24}},{"start":{},"end":{}}],"line":127},"7":{"loc":{"start":{"line":140,"column":4},"end":{"line":159,"column":5}},"type":"switch","locations":[{"start":{"line":141,"column":8},"end":{"line":141,"column":23}},{"start":{"line":142,"column":8},"end":{"line":144,"column":18}},{"start":{"line":145,"column":8},"end":{"line":147,"column":18}},{"start":{"line":148,"column":8},"end":{"line":148,"column":25}},{"start":{"line":149,"column":8},"end":{"line":151,"column":18}},{"start":{"line":152,"column":8},"end":{"line":152,"column":45}},{"start":{"line":153,"column":8},"end":{"line":155,"column":18}},{"start":{"line":156,"column":8},"end":{"line":158,"column":18}}],"line":140}},"s":{"0":1,"1":1,"2":1,"3":0,"4":1,"5":0,"6":0,"7":0,"8":0,"9":0,"10":10,"11":1,"12":9,"13":1,"14":8,"15":8,"16":22,"17":1,"18":10,"19":10,"20":3,"21":7,"22":7,"23":7,"24":7,"25":1,"26":6,"27":7,"28":7,"29":7,"30":7,"31":7,"32":7,"33":7,"34":7,"35":7,"36":1,"37":1,"38":6,"39":7,"40":0,"41":7,"42":7,"43":7,"44":7,"45":7,"46":6,"47":1,"48":1,"49":0,"50":7,"51":1,"52":1,"53":1,"54":1,"55":2,"56":2,"57":2,"58":2,"59":1,"60":1,"61":7},"f":{"0":0,"1":0,"2":0,"3":10,"4":10,"5":7,"6":7,"7":7},"b":{"0":[1,9],"1":[1,8],"2":[1,21],"3":[3,7],"4":[1,6],"5":[1,6],"6":[6,1],"7":[1,1,1,1,2,1,2,1]},"_coverageSchema":"1a1c01bbd47fc00a2c39e90264f33305004495a9","hash":"f3d9e526e6e8073f3a443a4900a77b3102134d4e"}
,"C:\\Users\\sousf001\\Documents\\celeste-restuarant\\tests\\pay\\pay.js": {"path":"C:\\Users\\sousf001\\Documents\\celeste-restuarant\\tests\\pay\\pay.js","statementMap":{"0":{"start":{"line":4,"column":16},"end":{"line":4,"column":58}},"1":{"start":{"line":6,"column":25},"end":{"line":57,"column":1}},"2":{"start":{"line":26,"column":30},"end":{"line":29,"column":57}},"3":{"start":{"line":31,"column":8},"end":{"line":31,"column":29}},"4":{"start":{"line":34,"column":30},"end":{"line":37,"column":64}},"5":{"start":{"line":39,"column":8},"end":{"line":39,"column":29}},"6":{"start":{"line":42,"column":19},"end":{"line":42,"column":53}},"7":{"start":{"line":44,"column":21},"end":{"line":52,"column":9}},"8":{"start":{"line":54,"column":25},"end":{"line":54,"column":67}},"9":{"start":{"line":55,"column":8},"end":{"line":55,"column":24}}},"fnMap":{"0":{"name":"(anonymous_0)","decl":{"start":{"line":25,"column":25},"end":{"line":25,"column":26}},"loc":{"start":{"line":25,"column":31},"end":{"line":32,"column":5}},"line":25},"1":{"name":"(anonymous_1)","decl":{"start":{"line":33,"column":32},"end":{"line":33,"column":33}},"loc":{"start":{"line":33,"column":38},"end":{"line":40,"column":5}},"line":33},"2":{"name":"(anonymous_2)","decl":{"start":{"line":41,"column":19},"end":{"line":41,"column":20}},"loc":{"start":{"line":41,"column":45},"end":{"line":56,"column":5}},"line":41}},"branchMap":{},"s":{"0":1,"1":1,"2":1,"3":1,"4":1,"5":1,"6":2,"7":2,"8":2,"9":2},"f":{"0":1,"1":1,"2":2},"b":{},"_coverageSchema":"1a1c01bbd47fc00a2c39e90264f33305004495a9","hash":"bcbd54fff9a1e7a5e64d1607f1fcec745b6e5657"}
}
