TN:
SF:tests\auth_calls\auth_calls.js
FN:6,(anonymous_0)
FN:9,(anonymous_1)
FN:28,(anonymous_2)
FNF:3
FNH:3
FNDA:1,(anonymous_0)
FNDA:2,(anonymous_1)
FNDA:6,(anonymous_2)
DA:1,1
DA:2,1
DA:3,1
DA:5,1
DA:7,1
DA:10,2
DA:15,2
DA:25,2
DA:29,6
DA:32,6
DA:42,6
DA:46,1
LF:12
LH:12
BRF:0
BRH:0
end_of_record
TN:
SF:tests\menu calls\menu_calls.js
FN:6,(anonymous_0)
FN:7,(anonymous_1)
FN:16,(anonymous_2)
FNF:3
FNH:3
FNDA:1,(anonymous_0)
FNDA:31,(anonymous_1)
FNDA:59,(anonymous_2)
DA:1,1
DA:3,1
DA:5,1
DA:6,1
DA:8,31
DA:9,1
DA:11,30
DA:12,5
DA:14,25
DA:17,59
DA:18,1
DA:20,58
DA:21,3
DA:23,55
DA:24,11
DA:26,44
DA:30,1
LF:17
LH:17
BRDA:8,0,0,1
BRDA:8,0,1,30
BRDA:11,1,0,5
BRDA:11,1,1,25
BRDA:17,2,0,1
BRDA:17,2,1,58
BRDA:20,3,0,3
BRDA:20,3,1,55
BRDA:23,4,0,11
BRDA:23,4,1,44
BRF:10
BRH:10
end_of_record
