TN:
SF:modules\helpers.js
FN:2,extractHeaders
FN:16,dateToString
FNF:2
FNH:1
FNDA:15,extractHeaders
FNDA:0,dateToString
DA:3,15
DA:4,15
DA:5,15
DA:6,15
DA:12,15
DA:17,0
DA:20,0
LF:7
LH:5
BRF:0
BRH:0
end_of_record
TN:
SF:routes\auth\auth_refactored.js
FN:9,(anonymous_0)
FN:11,(anonymous_1)
FN:15,(anonymous_2)
FN:21,checkQueryData
FN:37,getResponseObject
FN:60,getAccessToken
FN:125,getUserInfo
FN:150,getHttpResponseCode
FNF:8
FNH:5
FNDA:0,(anonymous_0)
FNDA:0,(anonymous_1)
FNDA:0,(anonymous_2)
FNDA:10,checkQueryData
FNDA:10,getResponseObject
FNDA:7,getAccessToken
FNDA:7,getUserInfo
FNDA:7,getHttpResponseCode
DA:6,1
DA:7,1
DA:9,1
DA:11,1
DA:12,0
DA:13,0
DA:15,0
DA:16,0
DA:17,0
DA:22,10
DA:23,1
DA:25,9
DA:26,1
DA:29,8
DA:30,8
DA:31,22
DA:32,1
DA:38,10
DA:39,10
DA:40,3
DA:43,7
DA:44,7
DA:46,7
DA:49,7
DA:50,1
DA:56,6
DA:61,7
DA:66,7
DA:77,7
DA:79,7
DA:80,7
DA:81,7
DA:94,7
DA:96,7
DA:97,7
DA:98,7
DA:100,7
DA:101,1
DA:103,1
DA:112,6
DA:119,7
DA:121,0
DA:126,7
DA:131,7
DA:141,7
DA:142,7
DA:144,1
DA:146,6
DA:153,7
DA:156,1
DA:157,1
DA:159,1
DA:160,1
DA:163,2
DA:164,2
DA:167,2
DA:168,2
DA:170,1
DA:171,1
DA:174,7
LF:60
LH:54
BRDA:22,0,0,1
BRDA:22,0,1,9
BRDA:25,1,0,1
BRDA:25,1,1,8
BRDA:31,2,0,1
BRDA:31,2,1,21
BRDA:39,3,0,3
BRDA:39,3,1,7
BRDA:49,4,0,1
BRDA:49,4,1,6
BRDA:100,5,0,1
BRDA:100,5,1,6
BRDA:153,6,0,1
BRDA:153,6,1,1
BRDA:153,6,2,1
BRDA:153,6,3,1
BRDA:153,6,4,2
BRDA:153,6,5,1
BRDA:153,6,6,2
BRDA:153,6,7,1
BRF:20
BRH:20
end_of_record
TN:
SF:tests\auth\auth.js
FN:80,(anonymous_0)
FN:88,(anonymous_1)
FN:96,(anonymous_2)
FN:104,(anonymous_3)
FN:112,(anonymous_4)
FN:120,(anonymous_5)
FN:128,(anonymous_6)
FN:162,(anonymous_7)
FN:183,(anonymous_8)
FN:209,(anonymous_9)
FNF:10
FNH:10
FNDA:1,(anonymous_0)
FNDA:1,(anonymous_1)
FNDA:1,(anonymous_2)
FNDA:1,(anonymous_3)
FNDA:1,(anonymous_4)
FNDA:1,(anonymous_5)
FNDA:9,(anonymous_6)
FNDA:13,(anonymous_7)
FNDA:15,(anonymous_8)
FNDA:2,(anonymous_9)
DA:3,1
DA:4,1
DA:8,1
DA:81,1
DA:86,1
DA:89,1
DA:94,1
DA:97,1
DA:102,1
DA:105,1
DA:110,1
DA:113,1
DA:118,1
DA:121,1
DA:126,1
DA:131,9
DA:133,2
DA:134,2
DA:136,1
DA:137,1
DA:139,1
DA:140,1
DA:142,1
DA:143,1
DA:145,1
DA:146,1
DA:148,2
DA:149,2
DA:151,1
DA:152,1
DA:155,9
DA:160,9
DA:163,13
DA:167,13
DA:177,13
DA:178,13
DA:179,13
DA:181,13
DA:186,15
DA:189,3
DA:190,3
DA:192,2
DA:193,2
DA:196,4
DA:197,4
DA:200,5
DA:201,5
DA:203,1
DA:204,1
DA:207,15
DA:210,2
DA:213,2
DA:223,2
DA:224,2
DA:226,2
LF:55
LH:55
BRDA:131,0,0,2
BRDA:131,0,1,1
BRDA:131,0,2,1
BRDA:131,0,3,1
BRDA:131,0,4,1
BRDA:131,0,5,2
BRDA:131,0,6,1
BRDA:186,1,0,3
BRDA:186,1,1,3
BRDA:186,1,2,2
BRDA:186,1,3,2
BRDA:186,1,4,4
BRDA:186,1,5,2
BRDA:186,1,6,5
BRDA:186,1,7,1
BRF:15
BRH:15
end_of_record
TN:
SF:tests\pay\pay.js
FN:25,(anonymous_0)
FN:33,(anonymous_1)
FN:41,(anonymous_2)
FNF:3
FNH:3
FNDA:1,(anonymous_0)
FNDA:1,(anonymous_1)
FNDA:2,(anonymous_2)
DA:4,1
DA:6,1
DA:26,1
DA:31,1
DA:34,1
DA:39,1
DA:42,2
DA:44,2
DA:54,2
DA:55,2
LF:10
LH:10
BRF:0
BRH:0
end_of_record
